<?xml version="1.0" encoding="UTF-8"?>
<testng-results ignored="0" total="1" passed="1" failed="0" skipped="0">
  <reporter-output>
  </reporter-output>
  <suite started-at="2024-01-02T00:24:30 IST" name="Default suite" finished-at="2024-01-02T00:24:52 IST" duration-ms="21640">
    <groups>
    </groups>
    <test started-at="2024-01-02T00:24:30 IST" name="Default test" finished-at="2024-01-02T00:24:52 IST" duration-ms="21640">
      <class name="testCases.LoginTestCase">
        <test-method signature="oginTestCase()[pri:0, instance:testCases.LoginTestCase@4d5d943d]" started-at="2024-01-02T00:24:30 IST" name="oginTestCase" finished-at="2024-01-02T00:24:52 IST" duration-ms="21604" status="PASS">
          <reporter-output>
          </reporter-output>
        </test-method> <!-- oginTestCase -->
      </class> <!-- testCases.LoginTestCase -->
    </test> <!-- Default test -->
  </suite> <!-- Default suite -->
</testng-results>
